<?xml version="1.0" encoding="UTF-8" ?>
<testsuite tests="8" failures="0" name="solent.ac.uk.ood.examples.cardcheck.TestRegexCardValidator" time="0" errors="0" skipped="0">
  <properties>
[...]
</properties>
  <testcase classname="solent.ac.uk.ood.examples.cardcheck.TestRegexCardValidator" name="testCardFailLhun" time="0"/>
  <testcase classname="solent.ac.uk.ood.examples.cardcheck.TestRegexCardValidator" name="testCardWrongString" time="0"/>
  <testcase classname="solent.ac.uk.ood.examples.cardcheck.TestRegexCardValidator" name="testCardDiners" time="0"/>
  <testcase classname="solent.ac.uk.ood.examples.cardcheck.TestRegexCardValidator" name="testCardMastercard" time="0"/>
  <testcase classname="solent.ac.uk.ood.examples.cardcheck.TestRegexCardValidator" name="testCardJcb" time="0"/>
  <testcase classname="solent.ac.uk.ood.examples.cardcheck.TestRegexCardValidator" name="testCardAmex" time="0"/>
  <testcase classname="solent.ac.uk.ood.examples.cardcheck.TestRegexCardValidator" name="testCardVisa" time="0"/>
  <testcase classname="solent.ac.uk.ood.examples.cardcheck.TestRegexCardValidator" name="testCardDiscover" time="0"/>
</testsuite>